<?xml version="1.0" encoding="UTF-8"?>
<robot generator="Robot 5.0.1 (Python 3.10.5 on win32)" generated="20220616 21:25:21.247" rpa="false" schemaversion="3">
<suite id="s1" name="Cekbox" source="C:\Users\Indodana Admin\DemoRobot_RF\cekbox.robot">
<test id="s1-t1" name="I click Notes In check Box" line="11">
<kw name="Open Browser" library="SeleniumLibrary" type="SETUP">
<arg>${base_url}</arg>
<arg>${browser_type}</arg>
<doc>Opens a new browser instance to the optional ``url``.</doc>
<msg timestamp="20220616 21:25:21.567" level="INFO">Opening browser 'Chrome' to base url 'https://demoqa.com/radio-button'.</msg>
<status status="PASS" starttime="20220616 21:25:21.567" endtime="20220616 21:26:16.055"/>
</kw>
<kw name="Maximize Browser Window" library="SeleniumLibrary">
<doc>Maximizes current browser window.</doc>
<status status="PASS" starttime="20220616 21:26:16.055" endtime="20220616 21:26:16.423"/>
</kw>
<kw name="Click Element" library="SeleniumLibrary">
<arg>(//button[@aria-label="Toggle"])[1]</arg>
<doc>Click the element identified by ``locator``.</doc>
<msg timestamp="20220616 21:26:16.426" level="INFO">Clicking element '(//button[@aria-label="Toggle"])[1]'.</msg>
<msg timestamp="20220616 21:26:16.807" level="INFO" html="true">&lt;/td&gt;&lt;/tr&gt;&lt;tr&gt;&lt;td colspan="3"&gt;&lt;a href="selenium-screenshot-2.png"&gt;&lt;img src="selenium-screenshot-2.png" width="800px"&gt;&lt;/a&gt;</msg>
<msg timestamp="20220616 21:26:16.807" level="FAIL">Element with locator '(//button[@aria-label="Toggle"])[1]' not found.</msg>
<status status="FAIL" starttime="20220616 21:26:16.424" endtime="20220616 21:26:16.811"/>
</kw>
<kw name="Sleep" library="BuiltIn">
<arg>2s</arg>
<doc>Pauses the test executed for the given time.</doc>
<status status="NOT RUN" starttime="20220616 21:26:16.812" endtime="20220616 21:26:16.812"/>
</kw>
<kw name="Click Element" library="SeleniumLibrary">
<arg>(//button[@aria-label="Toggle"])[2]</arg>
<doc>Click the element identified by ``locator``.</doc>
<status status="NOT RUN" starttime="20220616 21:26:16.812" endtime="20220616 21:26:16.812"/>
</kw>
<kw name="Sleep" library="BuiltIn">
<arg>2s</arg>
<doc>Pauses the test executed for the given time.</doc>
<status status="NOT RUN" starttime="20220616 21:26:16.813" endtime="20220616 21:26:16.813"/>
</kw>
<kw name="Click Element" library="SeleniumLibrary">
<arg>(//label[@for="tree-node-notes"])</arg>
<doc>Click the element identified by ``locator``.</doc>
<status status="NOT RUN" starttime="20220616 21:26:16.813" endtime="20220616 21:26:16.813"/>
</kw>
<kw name="Sleep" library="BuiltIn">
<arg>2s</arg>
<doc>Pauses the test executed for the given time.</doc>
<status status="NOT RUN" starttime="20220616 21:26:16.814" endtime="20220616 21:26:16.814"/>
</kw>
<kw name="Element Should Be Visible" library="SeleniumLibrary">
<arg>//div[@id="result"]</arg>
<doc>Verifies that the element identified by ``locator`` is visible.</doc>
<status status="NOT RUN" starttime="20220616 21:26:16.814" endtime="20220616 21:26:16.814"/>
</kw>
<kw name="Element Should Contain" library="SeleniumLibrary">
<arg>//span[@class="text-success"]</arg>
<doc>Verifies that element ``locator`` contains text ``expected``.</doc>
<status status="NOT RUN" starttime="20220616 21:26:16.815" endtime="20220616 21:26:16.815"/>
</kw>
<kw name="Close Browser" library="SeleniumLibrary" type="TEARDOWN">
<doc>Closes the current browser.</doc>
<status status="PASS" starttime="20220616 21:26:16.815" endtime="20220616 21:26:19.033"/>
</kw>
<status status="FAIL" starttime="20220616 21:25:21.566" endtime="20220616 21:26:19.034">Element with locator '(//button[@aria-label="Toggle"])[1]' not found.</status>
</test>
<status status="FAIL" starttime="20220616 21:25:21.248" endtime="20220616 21:26:19.035"/>
</suite>
<statistics>
<total>
<stat pass="0" fail="1" skip="0">All Tests</stat>
</total>
<tag>
</tag>
<suite>
<stat pass="0" fail="1" skip="0" id="s1" name="Cekbox">Cekbox</stat>
</suite>
</statistics>
<errors>
</errors>
</robot>
